  [1m[35m (0.2ms)[0m  [1m[34mSELECT sqlite_version(*)[0m
  ↳ /usr/lib/ruby/vendor_ruby/rake/task.rb:271
  [1m[35m (162.4ms)[0m  [1m[35mCREATE TABLE "schema_migrations" ("version" varchar NOT NULL PRIMARY KEY)[0m
  ↳ /usr/lib/ruby/vendor_ruby/rake/task.rb:271
  [1m[35m (173.3ms)[0m  [1m[35mCREATE TABLE "ar_internal_metadata" ("key" varchar NOT NULL PRIMARY KEY, "value" varchar, "created_at" datetime NOT NULL, "updated_at" datetime NOT NULL)[0m
  ↳ /usr/lib/ruby/vendor_ruby/rake/task.rb:271
  [1m[35m (0.5ms)[0m  [1m[34mSELECT "schema_migrations"."version" FROM "schema_migrations" ORDER BY "schema_migrations"."version" ASC[0m
  ↳ /usr/lib/ruby/vendor_ruby/rake/task.rb:271
Migrating to CreateUsers (20181004220311)
  [1m[35m (0.2ms)[0m  [1m[36mbegin transaction[0m
  ↳ /usr/lib/ruby/vendor_ruby/rake/task.rb:271
  [1m[35m (1.0ms)[0m  [1m[35mCREATE TABLE "users" ("id" integer PRIMARY KEY AUTOINCREMENT NOT NULL, "name" varchar, "email" varchar, "created_at" datetime NOT NULL, "updated_at" datetime NOT NULL)[0m
  ↳ db/migrate/20181004220311_create_users.rb:3
  [1m[35m (0.3ms)[0m  [1m[35mCREATE UNIQUE INDEX "index_users_on_email" ON "users" ("email")[0m
  ↳ db/migrate/20181004220311_create_users.rb:9
  [1m[35m (1.0ms)[0m  [1m[35mALTER TABLE "users" ADD "password_digest" varchar[0m
  ↳ db/migrate/20181004220311_create_users.rb:10
  [1m[36mActiveRecord::SchemaMigration Create (1.2ms)[0m  [1m[32mINSERT INTO "schema_migrations" ("version") VALUES (?)[0m  [["version", "20181004220311"]]
  ↳ /usr/lib/ruby/vendor_ruby/rake/task.rb:271
  [1m[35m (129.1ms)[0m  [1m[36mcommit transaction[0m
  ↳ /usr/lib/ruby/vendor_ruby/rake/task.rb:271
  [1m[36mActiveRecord::InternalMetadata Load (0.5ms)[0m  [1m[34mSELECT  "ar_internal_metadata".* FROM "ar_internal_metadata" WHERE "ar_internal_metadata"."key" = ? LIMIT ?[0m  [["key", "environment"], ["LIMIT", 1]]
  ↳ /usr/lib/ruby/vendor_ruby/rake/task.rb:271
  [1m[35m (0.1ms)[0m  [1m[36mbegin transaction[0m
  ↳ /usr/lib/ruby/vendor_ruby/rake/task.rb:271
  [1m[36mActiveRecord::InternalMetadata Create (0.5ms)[0m  [1m[32mINSERT INTO "ar_internal_metadata" ("key", "value", "created_at", "updated_at") VALUES (?, ?, ?, ?)[0m  [["key", "environment"], ["value", "development"], ["created_at", "2018-10-04 22:04:16.251180"], ["updated_at", "2018-10-04 22:04:16.251180"]]
  ↳ /usr/lib/ruby/vendor_ruby/rake/task.rb:271
  [1m[35m (96.0ms)[0m  [1m[36mcommit transaction[0m
  ↳ /usr/lib/ruby/vendor_ruby/rake/task.rb:271
  [1m[35m (0.5ms)[0m  [1m[34mSELECT "schema_migrations"."version" FROM "schema_migrations" ORDER BY "schema_migrations"."version" ASC[0m
  ↳ /usr/lib/ruby/vendor_ruby/rake/task.rb:271
  [1m[35m (0.2ms)[0m  [1m[34mSELECT "schema_migrations"."version" FROM "schema_migrations" ORDER BY "schema_migrations"."version" ASC[0m
  ↳ /usr/lib/ruby/vendor_ruby/rake/task.rb:271
  [1m[36mActiveRecord::InternalMetadata Load (0.5ms)[0m  [1m[34mSELECT  "ar_internal_metadata".* FROM "ar_internal_metadata" WHERE "ar_internal_metadata"."key" = ? LIMIT ?[0m  [["key", "environment"], ["LIMIT", 1]]
  ↳ /usr/lib/ruby/vendor_ruby/rake/task.rb:271
  [1m[35m (0.1ms)[0m  [1m[36mbegin transaction[0m
  ↳ /usr/lib/ruby/vendor_ruby/rake/task.rb:271
  [1m[35m (0.1ms)[0m  [1m[36mcommit transaction[0m
  ↳ /usr/lib/ruby/vendor_ruby/rake/task.rb:271
  [1m[35m (0.1ms)[0m  [1m[34mSELECT "schema_migrations"."version" FROM "schema_migrations" ORDER BY "schema_migrations"."version" ASC[0m
  ↳ /usr/lib/ruby/vendor_ruby/rake/task.rb:271
  [1m[35m (0.3ms)[0m  [1m[34mSELECT "schema_migrations"."version" FROM "schema_migrations" ORDER BY "schema_migrations"."version" ASC[0m
  ↳ /usr/lib/ruby/vendor_ruby/rake/task.rb:271
  [1m[35m (0.3ms)[0m  [1m[34mSELECT "ar_internal_metadata"."value" FROM "ar_internal_metadata" WHERE "ar_internal_metadata"."key" = ?[0m  [["key", "environment"]]
  ↳ /usr/lib/ruby/vendor_ruby/rake/task.rb:271
  [1m[35m (0.1ms)[0m  [1m[34mSELECT "schema_migrations"."version" FROM "schema_migrations" ORDER BY "schema_migrations"."version" ASC[0m
  ↳ /usr/lib/ruby/vendor_ruby/rake/task.rb:271
  [1m[35m (0.2ms)[0m  [1m[34mSELECT "ar_internal_metadata"."value" FROM "ar_internal_metadata" WHERE "ar_internal_metadata"."key" = ?[0m  [["key", "environment"]]
  ↳ /usr/lib/ruby/vendor_ruby/rake/task.rb:271
  [1m[35m (0.1ms)[0m  [1m[34mSELECT "schema_migrations"."version" FROM "schema_migrations" ORDER BY "schema_migrations"."version" ASC[0m
  ↳ /usr/lib/ruby/vendor_ruby/rake/task.rb:271
  [1m[35m (0.1ms)[0m  [1m[34mSELECT "ar_internal_metadata"."value" FROM "ar_internal_metadata" WHERE "ar_internal_metadata"."key" = ?[0m  [["key", "environment"]]
  ↳ /usr/lib/ruby/vendor_ruby/rake/task.rb:271
  [1m[35m (0.2ms)[0m  [1m[35mDROP TABLE IF EXISTS "users"[0m
  ↳ db/schema.rb:15
  [1m[35m (0.1ms)[0m  [1m[34mSELECT sqlite_version(*)[0m
  ↳ db/schema.rb:15
  [1m[35m (129.2ms)[0m  [1m[35mCREATE TABLE "users" ("id" integer PRIMARY KEY AUTOINCREMENT NOT NULL, "name" varchar, "email" varchar, "created_at" datetime NOT NULL, "updated_at" datetime NOT NULL, "password_digest" varchar)[0m
  ↳ db/schema.rb:15
  [1m[35m (175.1ms)[0m  [1m[35mCREATE UNIQUE INDEX "index_users_on_email" ON "users" ("email")[0m
  ↳ db/schema.rb:15
  [1m[35m (130.1ms)[0m  [1m[35mCREATE TABLE "schema_migrations" ("version" varchar NOT NULL PRIMARY KEY)[0m
  ↳ db/schema.rb:13
  [1m[35m (0.4ms)[0m  [1m[34mSELECT "schema_migrations"."version" FROM "schema_migrations" ORDER BY "schema_migrations"."version" ASC[0m
  ↳ db/schema.rb:13
  [1m[35m (97.9ms)[0m  [1m[32mINSERT INTO "schema_migrations" (version) VALUES (20181004220311)[0m
  ↳ db/schema.rb:13
  [1m[35m (109.0ms)[0m  [1m[35mCREATE TABLE "ar_internal_metadata" ("key" varchar NOT NULL PRIMARY KEY, "value" varchar, "created_at" datetime NOT NULL, "updated_at" datetime NOT NULL)[0m
  ↳ db/schema.rb:13
  [1m[36mActiveRecord::InternalMetadata Load (0.4ms)[0m  [1m[34mSELECT  "ar_internal_metadata".* FROM "ar_internal_metadata" WHERE "ar_internal_metadata"."key" = ? LIMIT ?[0m  [["key", "environment"], ["LIMIT", 1]]
  ↳ db/schema.rb:13
  [1m[35m (0.1ms)[0m  [1m[36mbegin transaction[0m
  ↳ db/schema.rb:13
  [1m[36mActiveRecord::InternalMetadata Create (1.4ms)[0m  [1m[32mINSERT INTO "ar_internal_metadata" ("key", "value", "created_at", "updated_at") VALUES (?, ?, ?, ?)[0m  [["key", "environment"], ["value", "development"], ["created_at", "2018-10-04 22:12:01.580662"], ["updated_at", "2018-10-04 22:12:01.580662"]]
  ↳ db/schema.rb:13
  [1m[35m (102.3ms)[0m  [1m[36mcommit transaction[0m
  ↳ db/schema.rb:13
  [1m[36mActiveRecord::InternalMetadata Load (0.3ms)[0m  [1m[34mSELECT  "ar_internal_metadata".* FROM "ar_internal_metadata" WHERE "ar_internal_metadata"."key" = ? LIMIT ?[0m  [["key", "environment"], ["LIMIT", 1]]
  ↳ /usr/lib/ruby/vendor_ruby/rake/task.rb:271
  [1m[35m (0.1ms)[0m  [1m[36mbegin transaction[0m
  ↳ /usr/lib/ruby/vendor_ruby/rake/task.rb:271
  [1m[35m (0.1ms)[0m  [1m[36mcommit transaction[0m
  ↳ /usr/lib/ruby/vendor_ruby/rake/task.rb:271
  [1m[35m (0.3ms)[0m  [1m[35mDROP TABLE IF EXISTS "users"[0m
  ↳ db/schema.rb:15
  [1m[35m (0.3ms)[0m  [1m[34mSELECT sqlite_version(*)[0m
  ↳ db/schema.rb:15
  [1m[35m (116.1ms)[0m  [1m[35mCREATE TABLE "users" ("id" integer PRIMARY KEY AUTOINCREMENT NOT NULL, "name" varchar, "email" varchar, "created_at" datetime NOT NULL, "updated_at" datetime NOT NULL, "password_digest" varchar)[0m
  ↳ db/schema.rb:15
  [1m[35m (131.8ms)[0m  [1m[35mCREATE UNIQUE INDEX "index_users_on_email" ON "users" ("email")[0m
  ↳ db/schema.rb:15
  [1m[35m (131.2ms)[0m  [1m[35mCREATE TABLE "schema_migrations" ("version" varchar NOT NULL PRIMARY KEY)[0m
  ↳ db/schema.rb:13
  [1m[35m (0.6ms)[0m  [1m[34mSELECT "schema_migrations"."version" FROM "schema_migrations" ORDER BY "schema_migrations"."version" ASC[0m
  ↳ db/schema.rb:13
  [1m[35m (83.1ms)[0m  [1m[32mINSERT INTO "schema_migrations" (version) VALUES (20181004220311)[0m
  ↳ db/schema.rb:13
  [1m[35m (119.9ms)[0m  [1m[35mCREATE TABLE "ar_internal_metadata" ("key" varchar NOT NULL PRIMARY KEY, "value" varchar, "created_at" datetime NOT NULL, "updated_at" datetime NOT NULL)[0m
  ↳ db/schema.rb:13
  [1m[36mActiveRecord::InternalMetadata Load (0.6ms)[0m  [1m[34mSELECT  "ar_internal_metadata".* FROM "ar_internal_metadata" WHERE "ar_internal_metadata"."key" = ? LIMIT ?[0m  [["key", "environment"], ["LIMIT", 1]]
  ↳ db/schema.rb:13
  [1m[35m (0.2ms)[0m  [1m[36mbegin transaction[0m
  ↳ db/schema.rb:13
  [1m[36mActiveRecord::InternalMetadata Create (1.2ms)[0m  [1m[32mINSERT INTO "ar_internal_metadata" ("key", "value", "created_at", "updated_at") VALUES (?, ?, ?, ?)[0m  [["key", "environment"], ["value", "development"], ["created_at", "2018-10-04 22:12:02.311069"], ["updated_at", "2018-10-04 22:12:02.311069"]]
  ↳ db/schema.rb:13
  [1m[35m (93.4ms)[0m  [1m[36mcommit transaction[0m
  ↳ db/schema.rb:13
  [1m[36mActiveRecord::InternalMetadata Load (0.3ms)[0m  [1m[34mSELECT  "ar_internal_metadata".* FROM "ar_internal_metadata" WHERE "ar_internal_metadata"."key" = ? LIMIT ?[0m  [["key", "environment"], ["LIMIT", 1]]
  ↳ /usr/lib/ruby/vendor_ruby/rake/task.rb:271
  [1m[35m (0.1ms)[0m  [1m[36mbegin transaction[0m
  ↳ /usr/lib/ruby/vendor_ruby/rake/task.rb:271
  [1m[36mActiveRecord::InternalMetadata Update (0.7ms)[0m  [1m[33mUPDATE "ar_internal_metadata" SET "value" = ?, "updated_at" = ? WHERE "ar_internal_metadata"."key" = ?[0m  [["value", "test"], ["updated_at", "2018-10-04 22:12:02.415041"], ["key", "environment"]]
  ↳ /usr/lib/ruby/vendor_ruby/rake/task.rb:271
  [1m[35m (101.8ms)[0m  [1m[36mcommit transaction[0m
  ↳ /usr/lib/ruby/vendor_ruby/rake/task.rb:271
  [1m[35m (0.3ms)[0m  [1m[34mSELECT "schema_migrations"."version" FROM "schema_migrations" ORDER BY "schema_migrations"."version" ASC[0m
  ↳ /usr/lib/ruby/vendor_ruby/rake/task.rb:271
  [1m[35m (0.3ms)[0m  [1m[34mSELECT "schema_migrations"."version" FROM "schema_migrations" ORDER BY "schema_migrations"."version" ASC[0m
  ↳ /usr/lib/ruby/vendor_ruby/rake/task.rb:271
  [1m[36mActiveRecord::InternalMetadata Load (0.4ms)[0m  [1m[34mSELECT  "ar_internal_metadata".* FROM "ar_internal_metadata" WHERE "ar_internal_metadata"."key" = ? LIMIT ?[0m  [["key", "environment"], ["LIMIT", 1]]
  ↳ /usr/lib/ruby/vendor_ruby/rake/task.rb:271
  [1m[35m (0.1ms)[0m  [1m[36mbegin transaction[0m
  ↳ /usr/lib/ruby/vendor_ruby/rake/task.rb:271
  [1m[35m (0.2ms)[0m  [1m[36mcommit transaction[0m
  ↳ /usr/lib/ruby/vendor_ruby/rake/task.rb:271
  [1m[35m (0.1ms)[0m  [1m[34mSELECT "schema_migrations"."version" FROM "schema_migrations" ORDER BY "schema_migrations"."version" ASC[0m
  ↳ /usr/lib/ruby/vendor_ruby/rake/task.rb:271
Started GET "/login" for 127.0.0.1 at 2018-10-04 17:23:01 -0500
  [1m[35m (0.3ms)[0m  [1m[34mSELECT "schema_migrations"."version" FROM "schema_migrations" ORDER BY "schema_migrations"."version" ASC[0m
  ↳ /var/lib/gems/2.5.0/gems/activerecord-5.2.1/lib/active_record/log_subscriber.rb:98
  
ActionController::RoutingError (uninitialized constant SessionsController):
  
bootsnap (1.3.2) lib/bootsnap/load_path_cache/core_ext/active_support.rb:74:in `block in load_missing_constant'
bootsnap (1.3.2) lib/bootsnap/load_path_cache/core_ext/active_support.rb:8:in `without_bootsnap_cache'
bootsnap (1.3.2) lib/bootsnap/load_path_cache/core_ext/active_support.rb:74:in `rescue in load_missing_constant'
bootsnap (1.3.2) lib/bootsnap/load_path_cache/core_ext/active_support.rb:56:in `load_missing_constant'
activesupport (5.2.1) lib/active_support/inflector/methods.rb:283:in `const_get'
activesupport (5.2.1) lib/active_support/inflector/methods.rb:283:in `block in constantize'
activesupport (5.2.1) lib/active_support/inflector/methods.rb:281:in `each'
activesupport (5.2.1) lib/active_support/inflector/methods.rb:281:in `inject'
activesupport (5.2.1) lib/active_support/inflector/methods.rb:281:in `constantize'
actionpack (5.2.1) lib/action_dispatch/http/request.rb:88:in `controller_class_for'
actionpack (5.2.1) lib/action_dispatch/http/request.rb:81:in `controller_class'
actionpack (5.2.1) lib/action_dispatch/routing/route_set.rb:46:in `controller'
actionpack (5.2.1) lib/action_dispatch/routing/route_set.rb:32:in `serve'
actionpack (5.2.1) lib/action_dispatch/journey/router.rb:52:in `block in serve'
actionpack (5.2.1) lib/action_dispatch/journey/router.rb:35:in `each'
actionpack (5.2.1) lib/action_dispatch/journey/router.rb:35:in `serve'
actionpack (5.2.1) lib/action_dispatch/routing/route_set.rb:840:in `call'
rack (2.0.5) lib/rack/tempfile_reaper.rb:15:in `call'
rack (2.0.5) lib/rack/etag.rb:25:in `call'
rack (2.0.5) lib/rack/conditional_get.rb:25:in `call'
rack (2.0.5) lib/rack/head.rb:12:in `call'
actionpack (5.2.1) lib/action_dispatch/http/content_security_policy.rb:18:in `call'
rack (2.0.5) lib/rack/session/abstract/id.rb:232:in `context'
rack (2.0.5) lib/rack/session/abstract/id.rb:226:in `call'
actionpack (5.2.1) lib/action_dispatch/middleware/cookies.rb:670:in `call'
activerecord (5.2.1) lib/active_record/migration.rb:559:in `call'
actionpack (5.2.1) lib/action_dispatch/middleware/callbacks.rb:28:in `block in call'
activesupport (5.2.1) lib/active_support/callbacks.rb:98:in `run_callbacks'
actionpack (5.2.1) lib/action_dispatch/middleware/callbacks.rb:26:in `call'
actionpack (5.2.1) lib/action_dispatch/middleware/executor.rb:14:in `call'
actionpack (5.2.1) lib/action_dispatch/middleware/debug_exceptions.rb:61:in `call'
web-console (3.7.0) lib/web_console/middleware.rb:135:in `call_app'
web-console (3.7.0) lib/web_console/middleware.rb:30:in `block in call'
web-console (3.7.0) lib/web_console/middleware.rb:20:in `catch'
web-console (3.7.0) lib/web_console/middleware.rb:20:in `call'
actionpack (5.2.1) lib/action_dispatch/middleware/show_exceptions.rb:33:in `call'
railties (5.2.1) lib/rails/rack/logger.rb:38:in `call_app'
railties (5.2.1) lib/rails/rack/logger.rb:26:in `block in call'
activesupport (5.2.1) lib/active_support/tagged_logging.rb:71:in `block in tagged'
activesupport (5.2.1) lib/active_support/tagged_logging.rb:28:in `tagged'
activesupport (5.2.1) lib/active_support/tagged_logging.rb:71:in `tagged'
railties (5.2.1) lib/rails/rack/logger.rb:26:in `call'
sprockets-rails (3.2.1) lib/sprockets/rails/quiet_assets.rb:13:in `call'
actionpack (5.2.1) lib/action_dispatch/middleware/remote_ip.rb:81:in `call'
actionpack (5.2.1) lib/action_dispatch/middleware/request_id.rb:27:in `call'
rack (2.0.5) lib/rack/method_override.rb:22:in `call'
rack (2.0.5) lib/rack/runtime.rb:22:in `call'
activesupport (5.2.1) lib/active_support/cache/strategy/local_cache_middleware.rb:29:in `call'
actionpack (5.2.1) lib/action_dispatch/middleware/executor.rb:14:in `call'
actionpack (5.2.1) lib/action_dispatch/middleware/static.rb:127:in `call'
rack (2.0.5) lib/rack/sendfile.rb:111:in `call'
railties (5.2.1) lib/rails/engine.rb:524:in `call'
puma (3.12.0) lib/puma/configuration.rb:225:in `call'
puma (3.12.0) lib/puma/server.rb:658:in `handle_request'
puma (3.12.0) lib/puma/server.rb:472:in `process_client'
puma (3.12.0) lib/puma/server.rb:332:in `block in run'
puma (3.12.0) lib/puma/thread_pool.rb:133:in `block in spawn_thread'
Started GET "/users/new" for 127.0.0.1 at 2018-10-04 17:23:08 -0500
  
ActionController::RoutingError (No route matches [GET] "/users/new"):
  
actionpack (5.2.1) lib/action_dispatch/middleware/debug_exceptions.rb:65:in `call'
web-console (3.7.0) lib/web_console/middleware.rb:135:in `call_app'
web-console (3.7.0) lib/web_console/middleware.rb:30:in `block in call'
web-console (3.7.0) lib/web_console/middleware.rb:20:in `catch'
web-console (3.7.0) lib/web_console/middleware.rb:20:in `call'
actionpack (5.2.1) lib/action_dispatch/middleware/show_exceptions.rb:33:in `call'
railties (5.2.1) lib/rails/rack/logger.rb:38:in `call_app'
railties (5.2.1) lib/rails/rack/logger.rb:26:in `block in call'
activesupport (5.2.1) lib/active_support/tagged_logging.rb:71:in `block in tagged'
activesupport (5.2.1) lib/active_support/tagged_logging.rb:28:in `tagged'
activesupport (5.2.1) lib/active_support/tagged_logging.rb:71:in `tagged'
railties (5.2.1) lib/rails/rack/logger.rb:26:in `call'
sprockets-rails (3.2.1) lib/sprockets/rails/quiet_assets.rb:13:in `call'
actionpack (5.2.1) lib/action_dispatch/middleware/remote_ip.rb:81:in `call'
actionpack (5.2.1) lib/action_dispatch/middleware/request_id.rb:27:in `call'
rack (2.0.5) lib/rack/method_override.rb:22:in `call'
rack (2.0.5) lib/rack/runtime.rb:22:in `call'
activesupport (5.2.1) lib/active_support/cache/strategy/local_cache_middleware.rb:29:in `call'
actionpack (5.2.1) lib/action_dispatch/middleware/executor.rb:14:in `call'
actionpack (5.2.1) lib/action_dispatch/middleware/static.rb:127:in `call'
rack (2.0.5) lib/rack/sendfile.rb:111:in `call'
railties (5.2.1) lib/rails/engine.rb:524:in `call'
puma (3.12.0) lib/puma/configuration.rb:225:in `call'
puma (3.12.0) lib/puma/server.rb:658:in `handle_request'
puma (3.12.0) lib/puma/server.rb:472:in `process_client'
puma (3.12.0) lib/puma/server.rb:332:in `block in run'
puma (3.12.0) lib/puma/thread_pool.rb:133:in `block in spawn_thread'
Started GET "/secrets" for 127.0.0.1 at 2018-10-04 17:23:21 -0500
  
ActionController::RoutingError (No route matches [GET] "/secrets"):
  
actionpack (5.2.1) lib/action_dispatch/middleware/debug_exceptions.rb:65:in `call'
web-console (3.7.0) lib/web_console/middleware.rb:135:in `call_app'
web-console (3.7.0) lib/web_console/middleware.rb:30:in `block in call'
web-console (3.7.0) lib/web_console/middleware.rb:20:in `catch'
web-console (3.7.0) lib/web_console/middleware.rb:20:in `call'
actionpack (5.2.1) lib/action_dispatch/middleware/show_exceptions.rb:33:in `call'
railties (5.2.1) lib/rails/rack/logger.rb:38:in `call_app'
railties (5.2.1) lib/rails/rack/logger.rb:26:in `block in call'
activesupport (5.2.1) lib/active_support/tagged_logging.rb:71:in `block in tagged'
activesupport (5.2.1) lib/active_support/tagged_logging.rb:28:in `tagged'
activesupport (5.2.1) lib/active_support/tagged_logging.rb:71:in `tagged'
railties (5.2.1) lib/rails/rack/logger.rb:26:in `call'
sprockets-rails (3.2.1) lib/sprockets/rails/quiet_assets.rb:13:in `call'
actionpack (5.2.1) lib/action_dispatch/middleware/remote_ip.rb:81:in `call'
actionpack (5.2.1) lib/action_dispatch/middleware/request_id.rb:27:in `call'
rack (2.0.5) lib/rack/method_override.rb:22:in `call'
rack (2.0.5) lib/rack/runtime.rb:22:in `call'
activesupport (5.2.1) lib/active_support/cache/strategy/local_cache_middleware.rb:29:in `call'
actionpack (5.2.1) lib/action_dispatch/middleware/executor.rb:14:in `call'
actionpack (5.2.1) lib/action_dispatch/middleware/static.rb:127:in `call'
rack (2.0.5) lib/rack/sendfile.rb:111:in `call'
railties (5.2.1) lib/rails/engine.rb:524:in `call'
puma (3.12.0) lib/puma/configuration.rb:225:in `call'
puma (3.12.0) lib/puma/server.rb:658:in `handle_request'
puma (3.12.0) lib/puma/server.rb:472:in `process_client'
puma (3.12.0) lib/puma/server.rb:332:in `block in run'
puma (3.12.0) lib/puma/thread_pool.rb:133:in `block in spawn_thread'
Started GET "/singup" for 127.0.0.1 at 2018-10-04 17:23:22 -0500
  
ActionController::RoutingError (No route matches [GET] "/singup"):
  
actionpack (5.2.1) lib/action_dispatch/middleware/debug_exceptions.rb:65:in `call'
web-console (3.7.0) lib/web_console/middleware.rb:135:in `call_app'
web-console (3.7.0) lib/web_console/middleware.rb:30:in `block in call'
web-console (3.7.0) lib/web_console/middleware.rb:20:in `catch'
web-console (3.7.0) lib/web_console/middleware.rb:20:in `call'
actionpack (5.2.1) lib/action_dispatch/middleware/show_exceptions.rb:33:in `call'
railties (5.2.1) lib/rails/rack/logger.rb:38:in `call_app'
railties (5.2.1) lib/rails/rack/logger.rb:26:in `block in call'
activesupport (5.2.1) lib/active_support/tagged_logging.rb:71:in `block in tagged'
activesupport (5.2.1) lib/active_support/tagged_logging.rb:28:in `tagged'
activesupport (5.2.1) lib/active_support/tagged_logging.rb:71:in `tagged'
railties (5.2.1) lib/rails/rack/logger.rb:26:in `call'
sprockets-rails (3.2.1) lib/sprockets/rails/quiet_assets.rb:13:in `call'
actionpack (5.2.1) lib/action_dispatch/middleware/remote_ip.rb:81:in `call'
actionpack (5.2.1) lib/action_dispatch/middleware/request_id.rb:27:in `call'
rack (2.0.5) lib/rack/method_override.rb:22:in `call'
rack (2.0.5) lib/rack/runtime.rb:22:in `call'
activesupport (5.2.1) lib/active_support/cache/strategy/local_cache_middleware.rb:29:in `call'
actionpack (5.2.1) lib/action_dispatch/middleware/executor.rb:14:in `call'
actionpack (5.2.1) lib/action_dispatch/middleware/static.rb:127:in `call'
rack (2.0.5) lib/rack/sendfile.rb:111:in `call'
railties (5.2.1) lib/rails/engine.rb:524:in `call'
puma (3.12.0) lib/puma/configuration.rb:225:in `call'
puma (3.12.0) lib/puma/server.rb:658:in `handle_request'
puma (3.12.0) lib/puma/server.rb:472:in `process_client'
puma (3.12.0) lib/puma/server.rb:332:in `block in run'
puma (3.12.0) lib/puma/thread_pool.rb:133:in `block in spawn_thread'
Started GET "/singup" for 127.0.0.1 at 2018-10-04 17:23:26 -0500
  
ActionController::RoutingError (No route matches [GET] "/singup"):
  
actionpack (5.2.1) lib/action_dispatch/middleware/debug_exceptions.rb:65:in `call'
web-console (3.7.0) lib/web_console/middleware.rb:135:in `call_app'
web-console (3.7.0) lib/web_console/middleware.rb:30:in `block in call'
web-console (3.7.0) lib/web_console/middleware.rb:20:in `catch'
web-console (3.7.0) lib/web_console/middleware.rb:20:in `call'
actionpack (5.2.1) lib/action_dispatch/middleware/show_exceptions.rb:33:in `call'
railties (5.2.1) lib/rails/rack/logger.rb:38:in `call_app'
railties (5.2.1) lib/rails/rack/logger.rb:26:in `block in call'
activesupport (5.2.1) lib/active_support/tagged_logging.rb:71:in `block in tagged'
activesupport (5.2.1) lib/active_support/tagged_logging.rb:28:in `tagged'
activesupport (5.2.1) lib/active_support/tagged_logging.rb:71:in `tagged'
railties (5.2.1) lib/rails/rack/logger.rb:26:in `call'
sprockets-rails (3.2.1) lib/sprockets/rails/quiet_assets.rb:13:in `call'
actionpack (5.2.1) lib/action_dispatch/middleware/remote_ip.rb:81:in `call'
actionpack (5.2.1) lib/action_dispatch/middleware/request_id.rb:27:in `call'
rack (2.0.5) lib/rack/method_override.rb:22:in `call'
rack (2.0.5) lib/rack/runtime.rb:22:in `call'
activesupport (5.2.1) lib/active_support/cache/strategy/local_cache_middleware.rb:29:in `call'
actionpack (5.2.1) lib/action_dispatch/middleware/executor.rb:14:in `call'
actionpack (5.2.1) lib/action_dispatch/middleware/static.rb:127:in `call'
rack (2.0.5) lib/rack/sendfile.rb:111:in `call'
railties (5.2.1) lib/rails/engine.rb:524:in `call'
puma (3.12.0) lib/puma/configuration.rb:225:in `call'
puma (3.12.0) lib/puma/server.rb:658:in `handle_request'
puma (3.12.0) lib/puma/server.rb:472:in `process_client'
puma (3.12.0) lib/puma/server.rb:332:in `block in run'
puma (3.12.0) lib/puma/thread_pool.rb:133:in `block in spawn_thread'
Started GET "/singup" for 127.0.0.1 at 2018-10-04 17:23:57 -0500
  
ActionController::RoutingError (No route matches [GET] "/singup"):
  
actionpack (5.2.1) lib/action_dispatch/middleware/debug_exceptions.rb:65:in `call'
web-console (3.7.0) lib/web_console/middleware.rb:135:in `call_app'
web-console (3.7.0) lib/web_console/middleware.rb:30:in `block in call'
web-console (3.7.0) lib/web_console/middleware.rb:20:in `catch'
web-console (3.7.0) lib/web_console/middleware.rb:20:in `call'
actionpack (5.2.1) lib/action_dispatch/middleware/show_exceptions.rb:33:in `call'
railties (5.2.1) lib/rails/rack/logger.rb:38:in `call_app'
railties (5.2.1) lib/rails/rack/logger.rb:26:in `block in call'
activesupport (5.2.1) lib/active_support/tagged_logging.rb:71:in `block in tagged'
activesupport (5.2.1) lib/active_support/tagged_logging.rb:28:in `tagged'
activesupport (5.2.1) lib/active_support/tagged_logging.rb:71:in `tagged'
railties (5.2.1) lib/rails/rack/logger.rb:26:in `call'
sprockets-rails (3.2.1) lib/sprockets/rails/quiet_assets.rb:13:in `call'
actionpack (5.2.1) lib/action_dispatch/middleware/remote_ip.rb:81:in `call'
actionpack (5.2.1) lib/action_dispatch/middleware/request_id.rb:27:in `call'
rack (2.0.5) lib/rack/method_override.rb:22:in `call'
rack (2.0.5) lib/rack/runtime.rb:22:in `call'
activesupport (5.2.1) lib/active_support/cache/strategy/local_cache_middleware.rb:29:in `call'
actionpack (5.2.1) lib/action_dispatch/middleware/executor.rb:14:in `call'
actionpack (5.2.1) lib/action_dispatch/middleware/static.rb:127:in `call'
rack (2.0.5) lib/rack/sendfile.rb:111:in `call'
railties (5.2.1) lib/rails/engine.rb:524:in `call'
puma (3.12.0) lib/puma/configuration.rb:225:in `call'
puma (3.12.0) lib/puma/server.rb:658:in `handle_request'
puma (3.12.0) lib/puma/server.rb:472:in `process_client'
puma (3.12.0) lib/puma/server.rb:332:in `block in run'
puma (3.12.0) lib/puma/thread_pool.rb:133:in `block in spawn_thread'
Started GET "/singup" for 127.0.0.1 at 2018-10-04 17:23:58 -0500
  
ActionController::RoutingError (No route matches [GET] "/singup"):
  
actionpack (5.2.1) lib/action_dispatch/middleware/debug_exceptions.rb:65:in `call'
web-console (3.7.0) lib/web_console/middleware.rb:135:in `call_app'
web-console (3.7.0) lib/web_console/middleware.rb:30:in `block in call'
web-console (3.7.0) lib/web_console/middleware.rb:20:in `catch'
web-console (3.7.0) lib/web_console/middleware.rb:20:in `call'
actionpack (5.2.1) lib/action_dispatch/middleware/show_exceptions.rb:33:in `call'
railties (5.2.1) lib/rails/rack/logger.rb:38:in `call_app'
railties (5.2.1) lib/rails/rack/logger.rb:26:in `block in call'
activesupport (5.2.1) lib/active_support/tagged_logging.rb:71:in `block in tagged'
activesupport (5.2.1) lib/active_support/tagged_logging.rb:28:in `tagged'
activesupport (5.2.1) lib/active_support/tagged_logging.rb:71:in `tagged'
railties (5.2.1) lib/rails/rack/logger.rb:26:in `call'
sprockets-rails (3.2.1) lib/sprockets/rails/quiet_assets.rb:13:in `call'
actionpack (5.2.1) lib/action_dispatch/middleware/remote_ip.rb:81:in `call'
actionpack (5.2.1) lib/action_dispatch/middleware/request_id.rb:27:in `call'
rack (2.0.5) lib/rack/method_override.rb:22:in `call'
rack (2.0.5) lib/rack/runtime.rb:22:in `call'
activesupport (5.2.1) lib/active_support/cache/strategy/local_cache_middleware.rb:29:in `call'
actionpack (5.2.1) lib/action_dispatch/middleware/executor.rb:14:in `call'
actionpack (5.2.1) lib/action_dispatch/middleware/static.rb:127:in `call'
rack (2.0.5) lib/rack/sendfile.rb:111:in `call'
railties (5.2.1) lib/rails/engine.rb:524:in `call'
puma (3.12.0) lib/puma/configuration.rb:225:in `call'
puma (3.12.0) lib/puma/server.rb:658:in `handle_request'
puma (3.12.0) lib/puma/server.rb:472:in `process_client'
puma (3.12.0) lib/puma/server.rb:332:in `block in run'
puma (3.12.0) lib/puma/thread_pool.rb:133:in `block in spawn_thread'
Started GET "/singup" for 127.0.0.1 at 2018-10-04 17:24:41 -0500
  
ActionController::RoutingError (No route matches [GET] "/singup"):
  
actionpack (5.2.1) lib/action_dispatch/middleware/debug_exceptions.rb:65:in `call'
web-console (3.7.0) lib/web_console/middleware.rb:135:in `call_app'
web-console (3.7.0) lib/web_console/middleware.rb:30:in `block in call'
web-console (3.7.0) lib/web_console/middleware.rb:20:in `catch'
web-console (3.7.0) lib/web_console/middleware.rb:20:in `call'
actionpack (5.2.1) lib/action_dispatch/middleware/show_exceptions.rb:33:in `call'
railties (5.2.1) lib/rails/rack/logger.rb:38:in `call_app'
railties (5.2.1) lib/rails/rack/logger.rb:26:in `block in call'
activesupport (5.2.1) lib/active_support/tagged_logging.rb:71:in `block in tagged'
activesupport (5.2.1) lib/active_support/tagged_logging.rb:28:in `tagged'
activesupport (5.2.1) lib/active_support/tagged_logging.rb:71:in `tagged'
railties (5.2.1) lib/rails/rack/logger.rb:26:in `call'
sprockets-rails (3.2.1) lib/sprockets/rails/quiet_assets.rb:13:in `call'
actionpack (5.2.1) lib/action_dispatch/middleware/remote_ip.rb:81:in `call'
actionpack (5.2.1) lib/action_dispatch/middleware/request_id.rb:27:in `call'
rack (2.0.5) lib/rack/method_override.rb:22:in `call'
rack (2.0.5) lib/rack/runtime.rb:22:in `call'
activesupport (5.2.1) lib/active_support/cache/strategy/local_cache_middleware.rb:29:in `call'
actionpack (5.2.1) lib/action_dispatch/middleware/executor.rb:14:in `call'
actionpack (5.2.1) lib/action_dispatch/middleware/static.rb:127:in `call'
rack (2.0.5) lib/rack/sendfile.rb:111:in `call'
railties (5.2.1) lib/rails/engine.rb:524:in `call'
puma (3.12.0) lib/puma/configuration.rb:225:in `call'
puma (3.12.0) lib/puma/server.rb:658:in `handle_request'
puma (3.12.0) lib/puma/server.rb:472:in `process_client'
puma (3.12.0) lib/puma/server.rb:332:in `block in run'
puma (3.12.0) lib/puma/thread_pool.rb:133:in `block in spawn_thread'
Started GET "/singup" for 127.0.0.1 at 2018-10-04 17:24:43 -0500
  
ActionController::RoutingError (No route matches [GET] "/singup"):
  
actionpack (5.2.1) lib/action_dispatch/middleware/debug_exceptions.rb:65:in `call'
web-console (3.7.0) lib/web_console/middleware.rb:135:in `call_app'
web-console (3.7.0) lib/web_console/middleware.rb:30:in `block in call'
web-console (3.7.0) lib/web_console/middleware.rb:20:in `catch'
web-console (3.7.0) lib/web_console/middleware.rb:20:in `call'
actionpack (5.2.1) lib/action_dispatch/middleware/show_exceptions.rb:33:in `call'
railties (5.2.1) lib/rails/rack/logger.rb:38:in `call_app'
railties (5.2.1) lib/rails/rack/logger.rb:26:in `block in call'
activesupport (5.2.1) lib/active_support/tagged_logging.rb:71:in `block in tagged'
activesupport (5.2.1) lib/active_support/tagged_logging.rb:28:in `tagged'
activesupport (5.2.1) lib/active_support/tagged_logging.rb:71:in `tagged'
railties (5.2.1) lib/rails/rack/logger.rb:26:in `call'
sprockets-rails (3.2.1) lib/sprockets/rails/quiet_assets.rb:13:in `call'
actionpack (5.2.1) lib/action_dispatch/middleware/remote_ip.rb:81:in `call'
actionpack (5.2.1) lib/action_dispatch/middleware/request_id.rb:27:in `call'
rack (2.0.5) lib/rack/method_override.rb:22:in `call'
rack (2.0.5) lib/rack/runtime.rb:22:in `call'
activesupport (5.2.1) lib/active_support/cache/strategy/local_cache_middleware.rb:29:in `call'
actionpack (5.2.1) lib/action_dispatch/middleware/executor.rb:14:in `call'
actionpack (5.2.1) lib/action_dispatch/middleware/static.rb:127:in `call'
rack (2.0.5) lib/rack/sendfile.rb:111:in `call'
railties (5.2.1) lib/rails/engine.rb:524:in `call'
puma (3.12.0) lib/puma/configuration.rb:225:in `call'
puma (3.12.0) lib/puma/server.rb:658:in `handle_request'
puma (3.12.0) lib/puma/server.rb:472:in `process_client'
puma (3.12.0) lib/puma/server.rb:332:in `block in run'
puma (3.12.0) lib/puma/thread_pool.rb:133:in `block in spawn_thread'
Started GET "/login" for 127.0.0.1 at 2018-10-04 17:24:48 -0500
  
ActionController::RoutingError (uninitialized constant SessionsController):
  
bootsnap (1.3.2) lib/bootsnap/load_path_cache/core_ext/active_support.rb:74:in `block in load_missing_constant'
bootsnap (1.3.2) lib/bootsnap/load_path_cache/core_ext/active_support.rb:8:in `without_bootsnap_cache'
bootsnap (1.3.2) lib/bootsnap/load_path_cache/core_ext/active_support.rb:74:in `rescue in load_missing_constant'
bootsnap (1.3.2) lib/bootsnap/load_path_cache/core_ext/active_support.rb:56:in `load_missing_constant'
activesupport (5.2.1) lib/active_support/inflector/methods.rb:283:in `const_get'
activesupport (5.2.1) lib/active_support/inflector/methods.rb:283:in `block in constantize'
activesupport (5.2.1) lib/active_support/inflector/methods.rb:281:in `each'
activesupport (5.2.1) lib/active_support/inflector/methods.rb:281:in `inject'
activesupport (5.2.1) lib/active_support/inflector/methods.rb:281:in `constantize'
actionpack (5.2.1) lib/action_dispatch/http/request.rb:88:in `controller_class_for'
actionpack (5.2.1) lib/action_dispatch/http/request.rb:81:in `controller_class'
actionpack (5.2.1) lib/action_dispatch/routing/route_set.rb:46:in `controller'
actionpack (5.2.1) lib/action_dispatch/routing/route_set.rb:32:in `serve'
actionpack (5.2.1) lib/action_dispatch/journey/router.rb:52:in `block in serve'
actionpack (5.2.1) lib/action_dispatch/journey/router.rb:35:in `each'
actionpack (5.2.1) lib/action_dispatch/journey/router.rb:35:in `serve'
actionpack (5.2.1) lib/action_dispatch/routing/route_set.rb:840:in `call'
rack (2.0.5) lib/rack/tempfile_reaper.rb:15:in `call'
rack (2.0.5) lib/rack/etag.rb:25:in `call'
rack (2.0.5) lib/rack/conditional_get.rb:25:in `call'
rack (2.0.5) lib/rack/head.rb:12:in `call'
actionpack (5.2.1) lib/action_dispatch/http/content_security_policy.rb:18:in `call'
rack (2.0.5) lib/rack/session/abstract/id.rb:232:in `context'
rack (2.0.5) lib/rack/session/abstract/id.rb:226:in `call'
actionpack (5.2.1) lib/action_dispatch/middleware/cookies.rb:670:in `call'
activerecord (5.2.1) lib/active_record/migration.rb:559:in `call'
actionpack (5.2.1) lib/action_dispatch/middleware/callbacks.rb:28:in `block in call'
activesupport (5.2.1) lib/active_support/callbacks.rb:98:in `run_callbacks'
actionpack (5.2.1) lib/action_dispatch/middleware/callbacks.rb:26:in `call'
actionpack (5.2.1) lib/action_dispatch/middleware/executor.rb:14:in `call'
actionpack (5.2.1) lib/action_dispatch/middleware/debug_exceptions.rb:61:in `call'
web-console (3.7.0) lib/web_console/middleware.rb:135:in `call_app'
web-console (3.7.0) lib/web_console/middleware.rb:30:in `block in call'
web-console (3.7.0) lib/web_console/middleware.rb:20:in `catch'
web-console (3.7.0) lib/web_console/middleware.rb:20:in `call'
actionpack (5.2.1) lib/action_dispatch/middleware/show_exceptions.rb:33:in `call'
railties (5.2.1) lib/rails/rack/logger.rb:38:in `call_app'
railties (5.2.1) lib/rails/rack/logger.rb:26:in `block in call'
activesupport (5.2.1) lib/active_support/tagged_logging.rb:71:in `block in tagged'
activesupport (5.2.1) lib/active_support/tagged_logging.rb:28:in `tagged'
activesupport (5.2.1) lib/active_support/tagged_logging.rb:71:in `tagged'
railties (5.2.1) lib/rails/rack/logger.rb:26:in `call'
sprockets-rails (3.2.1) lib/sprockets/rails/quiet_assets.rb:13:in `call'
actionpack (5.2.1) lib/action_dispatch/middleware/remote_ip.rb:81:in `call'
actionpack (5.2.1) lib/action_dispatch/middleware/request_id.rb:27:in `call'
rack (2.0.5) lib/rack/method_override.rb:22:in `call'
rack (2.0.5) lib/rack/runtime.rb:22:in `call'
activesupport (5.2.1) lib/active_support/cache/strategy/local_cache_middleware.rb:29:in `call'
actionpack (5.2.1) lib/action_dispatch/middleware/executor.rb:14:in `call'
actionpack (5.2.1) lib/action_dispatch/middleware/static.rb:127:in `call'
rack (2.0.5) lib/rack/sendfile.rb:111:in `call'
railties (5.2.1) lib/rails/engine.rb:524:in `call'
puma (3.12.0) lib/puma/configuration.rb:225:in `call'
puma (3.12.0) lib/puma/server.rb:658:in `handle_request'
puma (3.12.0) lib/puma/server.rb:472:in `process_client'
puma (3.12.0) lib/puma/server.rb:332:in `block in run'
puma (3.12.0) lib/puma/thread_pool.rb:133:in `block in spawn_thread'
Started GET "/login" for 127.0.0.1 at 2018-10-04 17:24:59 -0500
  
ActionController::RoutingError (uninitialized constant SessionsController):
  
bootsnap (1.3.2) lib/bootsnap/load_path_cache/core_ext/active_support.rb:74:in `block in load_missing_constant'
bootsnap (1.3.2) lib/bootsnap/load_path_cache/core_ext/active_support.rb:8:in `without_bootsnap_cache'
bootsnap (1.3.2) lib/bootsnap/load_path_cache/core_ext/active_support.rb:74:in `rescue in load_missing_constant'
bootsnap (1.3.2) lib/bootsnap/load_path_cache/core_ext/active_support.rb:56:in `load_missing_constant'
activesupport (5.2.1) lib/active_support/inflector/methods.rb:283:in `const_get'
activesupport (5.2.1) lib/active_support/inflector/methods.rb:283:in `block in constantize'
activesupport (5.2.1) lib/active_support/inflector/methods.rb:281:in `each'
activesupport (5.2.1) lib/active_support/inflector/methods.rb:281:in `inject'
activesupport (5.2.1) lib/active_support/inflector/methods.rb:281:in `constantize'
actionpack (5.2.1) lib/action_dispatch/http/request.rb:88:in `controller_class_for'
actionpack (5.2.1) lib/action_dispatch/http/request.rb:81:in `controller_class'
actionpack (5.2.1) lib/action_dispatch/routing/route_set.rb:46:in `controller'
actionpack (5.2.1) lib/action_dispatch/routing/route_set.rb:32:in `serve'
actionpack (5.2.1) lib/action_dispatch/journey/router.rb:52:in `block in serve'
actionpack (5.2.1) lib/action_dispatch/journey/router.rb:35:in `each'
actionpack (5.2.1) lib/action_dispatch/journey/router.rb:35:in `serve'
actionpack (5.2.1) lib/action_dispatch/routing/route_set.rb:840:in `call'
rack (2.0.5) lib/rack/tempfile_reaper.rb:15:in `call'
rack (2.0.5) lib/rack/etag.rb:25:in `call'
rack (2.0.5) lib/rack/conditional_get.rb:25:in `call'
rack (2.0.5) lib/rack/head.rb:12:in `call'
actionpack (5.2.1) lib/action_dispatch/http/content_security_policy.rb:18:in `call'
rack (2.0.5) lib/rack/session/abstract/id.rb:232:in `context'
rack (2.0.5) lib/rack/session/abstract/id.rb:226:in `call'
actionpack (5.2.1) lib/action_dispatch/middleware/cookies.rb:670:in `call'
activerecord (5.2.1) lib/active_record/migration.rb:559:in `call'
actionpack (5.2.1) lib/action_dispatch/middleware/callbacks.rb:28:in `block in call'
activesupport (5.2.1) lib/active_support/callbacks.rb:98:in `run_callbacks'
actionpack (5.2.1) lib/action_dispatch/middleware/callbacks.rb:26:in `call'
actionpack (5.2.1) lib/action_dispatch/middleware/executor.rb:14:in `call'
actionpack (5.2.1) lib/action_dispatch/middleware/debug_exceptions.rb:61:in `call'
web-console (3.7.0) lib/web_console/middleware.rb:135:in `call_app'
web-console (3.7.0) lib/web_console/middleware.rb:30:in `block in call'
web-console (3.7.0) lib/web_console/middleware.rb:20:in `catch'
web-console (3.7.0) lib/web_console/middleware.rb:20:in `call'
actionpack (5.2.1) lib/action_dispatch/middleware/show_exceptions.rb:33:in `call'
railties (5.2.1) lib/rails/rack/logger.rb:38:in `call_app'
railties (5.2.1) lib/rails/rack/logger.rb:26:in `block in call'
activesupport (5.2.1) lib/active_support/tagged_logging.rb:71:in `block in tagged'
activesupport (5.2.1) lib/active_support/tagged_logging.rb:28:in `tagged'
activesupport (5.2.1) lib/active_support/tagged_logging.rb:71:in `tagged'
railties (5.2.1) lib/rails/rack/logger.rb:26:in `call'
sprockets-rails (3.2.1) lib/sprockets/rails/quiet_assets.rb:13:in `call'
actionpack (5.2.1) lib/action_dispatch/middleware/remote_ip.rb:81:in `call'
actionpack (5.2.1) lib/action_dispatch/middleware/request_id.rb:27:in `call'
rack (2.0.5) lib/rack/method_override.rb:22:in `call'
rack (2.0.5) lib/rack/runtime.rb:22:in `call'
activesupport (5.2.1) lib/active_support/cache/strategy/local_cache_middleware.rb:29:in `call'
actionpack (5.2.1) lib/action_dispatch/middleware/executor.rb:14:in `call'
actionpack (5.2.1) lib/action_dispatch/middleware/static.rb:127:in `call'
rack (2.0.5) lib/rack/sendfile.rb:111:in `call'
railties (5.2.1) lib/rails/engine.rb:524:in `call'
puma (3.12.0) lib/puma/configuration.rb:225:in `call'
puma (3.12.0) lib/puma/server.rb:658:in `handle_request'
puma (3.12.0) lib/puma/server.rb:472:in `process_client'
puma (3.12.0) lib/puma/server.rb:332:in `block in run'
puma (3.12.0) lib/puma/thread_pool.rb:133:in `block in spawn_thread'
Started GET "/login" for 127.0.0.1 at 2018-10-04 17:25:51 -0500
Processing by SessionsController#new as HTML
Completed 406 Not Acceptable in 19ms (ActiveRecord: 0.0ms)


  
ActionController::UnknownFormat (SessionsController#new is missing a template for this request format and variant.

request.formats: ["text/html"]
request.variant: []

NOTE! For XHR/Ajax or API requests, this action would normally respond with 204 No Content: an empty white screen. Since you're loading it in a web browser, we assume that you expected to actually render a template, not nothing, so we're showing an error to be extra-clear. If you expect 204 No Content, carry on. That's what you'll get from an XHR or API request. Give it a shot.):
  
actionpack (5.2.1) lib/action_controller/metal/implicit_render.rb:55:in `default_render'
actionpack (5.2.1) lib/action_controller/metal/basic_implicit_render.rb:6:in `block in send_action'
actionpack (5.2.1) lib/action_controller/metal/basic_implicit_render.rb:6:in `tap'
actionpack (5.2.1) lib/action_controller/metal/basic_implicit_render.rb:6:in `send_action'
actionpack (5.2.1) lib/abstract_controller/base.rb:194:in `process_action'
actionpack (5.2.1) lib/action_controller/metal/rendering.rb:30:in `process_action'
actionpack (5.2.1) lib/abstract_controller/callbacks.rb:42:in `block in process_action'
activesupport (5.2.1) lib/active_support/callbacks.rb:132:in `run_callbacks'
actionpack (5.2.1) lib/abstract_controller/callbacks.rb:41:in `process_action'
actionpack (5.2.1) lib/action_controller/metal/rescue.rb:22:in `process_action'
actionpack (5.2.1) lib/action_controller/metal/instrumentation.rb:34:in `block in process_action'
activesupport (5.2.1) lib/active_support/notifications.rb:168:in `block in instrument'
activesupport (5.2.1) lib/active_support/notifications/instrumenter.rb:23:in `instrument'
activesupport (5.2.1) lib/active_support/notifications.rb:168:in `instrument'
actionpack (5.2.1) lib/action_controller/metal/instrumentation.rb:32:in `process_action'
actionpack (5.2.1) lib/action_controller/metal/params_wrapper.rb:256:in `process_action'
activerecord (5.2.1) lib/active_record/railties/controller_runtime.rb:24:in `process_action'
actionpack (5.2.1) lib/abstract_controller/base.rb:134:in `process'
actionview (5.2.1) lib/action_view/rendering.rb:32:in `process'
actionpack (5.2.1) lib/action_controller/metal.rb:191:in `dispatch'
actionpack (5.2.1) lib/action_controller/metal.rb:252:in `dispatch'
actionpack (5.2.1) lib/action_dispatch/routing/route_set.rb:52:in `dispatch'
actionpack (5.2.1) lib/action_dispatch/routing/route_set.rb:34:in `serve'
actionpack (5.2.1) lib/action_dispatch/journey/router.rb:52:in `block in serve'
actionpack (5.2.1) lib/action_dispatch/journey/router.rb:35:in `each'
actionpack (5.2.1) lib/action_dispatch/journey/router.rb:35:in `serve'
actionpack (5.2.1) lib/action_dispatch/routing/route_set.rb:840:in `call'
rack (2.0.5) lib/rack/tempfile_reaper.rb:15:in `call'
rack (2.0.5) lib/rack/etag.rb:25:in `call'
rack (2.0.5) lib/rack/conditional_get.rb:25:in `call'
rack (2.0.5) lib/rack/head.rb:12:in `call'
actionpack (5.2.1) lib/action_dispatch/http/content_security_policy.rb:18:in `call'
rack (2.0.5) lib/rack/session/abstract/id.rb:232:in `context'
rack (2.0.5) lib/rack/session/abstract/id.rb:226:in `call'
actionpack (5.2.1) lib/action_dispatch/middleware/cookies.rb:670:in `call'
activerecord (5.2.1) lib/active_record/migration.rb:559:in `call'
actionpack (5.2.1) lib/action_dispatch/middleware/callbacks.rb:28:in `block in call'
activesupport (5.2.1) lib/active_support/callbacks.rb:98:in `run_callbacks'
actionpack (5.2.1) lib/action_dispatch/middleware/callbacks.rb:26:in `call'
actionpack (5.2.1) lib/action_dispatch/middleware/executor.rb:14:in `call'
actionpack (5.2.1) lib/action_dispatch/middleware/debug_exceptions.rb:61:in `call'
web-console (3.7.0) lib/web_console/middleware.rb:135:in `call_app'
web-console (3.7.0) lib/web_console/middleware.rb:30:in `block in call'
web-console (3.7.0) lib/web_console/middleware.rb:20:in `catch'
web-console (3.7.0) lib/web_console/middleware.rb:20:in `call'
actionpack (5.2.1) lib/action_dispatch/middleware/show_exceptions.rb:33:in `call'
railties (5.2.1) lib/rails/rack/logger.rb:38:in `call_app'
railties (5.2.1) lib/rails/rack/logger.rb:26:in `block in call'
activesupport (5.2.1) lib/active_support/tagged_logging.rb:71:in `block in tagged'
activesupport (5.2.1) lib/active_support/tagged_logging.rb:28:in `tagged'
activesupport (5.2.1) lib/active_support/tagged_logging.rb:71:in `tagged'
railties (5.2.1) lib/rails/rack/logger.rb:26:in `call'
sprockets-rails (3.2.1) lib/sprockets/rails/quiet_assets.rb:13:in `call'
actionpack (5.2.1) lib/action_dispatch/middleware/remote_ip.rb:81:in `call'
actionpack (5.2.1) lib/action_dispatch/middleware/request_id.rb:27:in `call'
rack (2.0.5) lib/rack/method_override.rb:22:in `call'
rack (2.0.5) lib/rack/runtime.rb:22:in `call'
activesupport (5.2.1) lib/active_support/cache/strategy/local_cache_middleware.rb:29:in `call'
actionpack (5.2.1) lib/action_dispatch/middleware/executor.rb:14:in `call'
actionpack (5.2.1) lib/action_dispatch/middleware/static.rb:127:in `call'
rack (2.0.5) lib/rack/sendfile.rb:111:in `call'
railties (5.2.1) lib/rails/engine.rb:524:in `call'
puma (3.12.0) lib/puma/configuration.rb:225:in `call'
puma (3.12.0) lib/puma/server.rb:658:in `handle_request'
puma (3.12.0) lib/puma/server.rb:472:in `process_client'
puma (3.12.0) lib/puma/server.rb:332:in `block in run'
puma (3.12.0) lib/puma/thread_pool.rb:133:in `block in spawn_thread'
Started GET "/login" for 127.0.0.1 at 2018-10-04 17:27:48 -0500
Processing by SessionsController#new as HTML
  Rendering sessions/new.html.erb within layouts/application
  Rendered sessions/new.html.erb within layouts/application (57.3ms)
Completed 500 Internal Server Error in 6537ms (ActiveRecord: 0.0ms)


  
ActionView::Template::Error (Missing partial layouts/_shim with {:locale=>[:en], :formats=>[:html], :variants=>[], :handlers=>[:raw, :erb, :html, :builder, :ruby, :coffee, :jbuilder]}. Searched in:
  * "/home/niquefa/UN/AgropazcoWeb/app/views"
):
     6:     <%= stylesheet_link_tag    'application', media: 'all',
     7:                                               'data-turbolinks-track': 'reload' %>
     8:     <%= javascript_include_tag 'application', 'data-turbolinks-track': 'reload' %>
     9:     <%= render 'layouts/shim' %>
    10:  </head>
    11:   <body>
    12:     <%= render 'layouts/header' %>
  
app/views/layouts/application.html.erb:9:in `_app_views_layouts_application_html_erb___420983676756004050_47449703264080'
Started GET "/login" for 127.0.0.1 at 2018-10-04 17:29:09 -0500
Processing by SessionsController#new as HTML
  Rendering sessions/new.html.erb within layouts/application
  Rendered sessions/new.html.erb within layouts/application (5.1ms)
  Rendered layouts/_shim.html.erb (0.3ms)
  Rendered layouts/_header.html.erb (509.2ms)
Completed 500 Internal Server Error in 559ms (ActiveRecord: 0.0ms)


  
ActionView::Template::Error (undefined local variable or method `root_path' for #<#<Class:0x0000564f7d6e51e0>:0x00007f98901196f0>
Did you mean?  logout_path
               font_path):
    1: <header class="navbar navbar-fixed-top navbar-inverse">
    2:   <div class="container">
    3:     <%= link_to "Inicio", root_path, id: "logo" %>
    4:     <nav>
    5:       <ul class="nav navbar-nav navbar-right">
    6:         <li><%= link_to "Home",   root_path %></li>
  
app/views/layouts/_header.html.erb:3:in `_app_views_layouts__header_html_erb__2032080690505461668_70146614600980'
app/views/layouts/application.html.erb:12:in `_app_views_layouts_application_html_erb___420983676756004050_70146768342100'
Started GET "/login" for 127.0.0.1 at 2018-10-04 17:30:01 -0500
Processing by SessionsController#new as HTML
  Rendering sessions/new.html.erb within layouts/application
  Rendered sessions/new.html.erb within layouts/application (3.5ms)
  Rendered layouts/_shim.html.erb (0.5ms)
  Rendered layouts/_header.html.erb (480.4ms)
Completed 500 Internal Server Error in 535ms (ActiveRecord: 0.0ms)


  
ActionView::Template::Error (undefined local variable or method `root_path' for #<#<Class:0x0000564f7d6e51e0>:0x00007f98a31dc4d0>
Did you mean?  logout_path
               font_path):
    3:     <%= link_to "Inicio", '#', id: "logo" %>
    4:     <nav>
    5:       <ul class="nav navbar-nav navbar-right">
    6:         <li><%= link_to "Home",   root_path %></li>
    7:         <% if logged_in? %>
    8:           <li class="dropdown">
    9:             <a href="#" class="dropdown-toggle" data-toggle="dropdown">
  
app/views/layouts/_header.html.erb:6:in `_app_views_layouts__header_html_erb__2032080690505461668_70146777273500'
app/views/layouts/application.html.erb:12:in `_app_views_layouts_application_html_erb___420983676756004050_70146774507100'
Started GET "/login" for 127.0.0.1 at 2018-10-04 17:30:27 -0500
Processing by SessionsController#new as HTML
  Rendering sessions/new.html.erb within layouts/application
  Rendered sessions/new.html.erb within layouts/application (6.4ms)
  Rendered layouts/_shim.html.erb (0.5ms)
  Rendered layouts/_header.html.erb (410.9ms)
Completed 500 Internal Server Error in 489ms (ActiveRecord: 0.0ms)


  
ActionView::Template::Error (undefined method `logged_in?' for #<#<Class:0x0000564f7d6e51e0>:0x00007f98a22edfa0>
Did you mean?  logger?):
    4:     <nav>
    5:       <ul class="nav navbar-nav navbar-right">
    6:         <li><%= link_to "Inicio", '#' %></li>
    7:         <% if logged_in? %>
    8:           <li class="dropdown">
    9:             <a href="#" class="dropdown-toggle" data-toggle="dropdown">
   10:               Account <b class="caret"></b>
  
app/views/layouts/_header.html.erb:7:in `_app_views_layouts__header_html_erb__2032080690505461668_70146774453440'
app/views/layouts/application.html.erb:12:in `_app_views_layouts_application_html_erb___420983676756004050_70146766854920'
Started GET "/login" for 127.0.0.1 at 2018-10-04 17:31:01 -0500
Processing by SessionsController#new as HTML
  Rendering sessions/new.html.erb within layouts/application
  Rendered sessions/new.html.erb within layouts/application (2.6ms)
  Rendered layouts/_shim.html.erb (0.6ms)
  Rendered layouts/_header.html.erb (1.5ms)
  Rendered layouts/_footer.html.erb (0.6ms)
Completed 200 OK in 46ms (Views: 44.6ms | ActiveRecord: 0.0ms)


Started GET "/login" for 127.0.0.1 at 2018-10-04 17:31:11 -0500
Processing by SessionsController#new as HTML
  Rendering sessions/new.html.erb within layouts/application
  Rendered sessions/new.html.erb within layouts/application (8.1ms)
  Rendered layouts/_shim.html.erb (0.9ms)
  Rendered layouts/_header.html.erb (1.4ms)
  Rendered layouts/_footer.html.erb (1.2ms)
Completed 200 OK in 78ms (Views: 74.8ms | ActiveRecord: 0.0ms)


Started GET "/login" for 127.0.0.1 at 2018-10-04 17:31:12 -0500
Processing by SessionsController#new as HTML
  Rendering sessions/new.html.erb within layouts/application
  Rendered sessions/new.html.erb within layouts/application (6.4ms)
  Rendered layouts/_shim.html.erb (0.7ms)
  Rendered layouts/_header.html.erb (1.6ms)
  Rendered layouts/_footer.html.erb (1.1ms)
Completed 200 OK in 69ms (Views: 66.7ms | ActiveRecord: 0.0ms)


Started GET "/login" for 127.0.0.1 at 2018-10-04 17:31:13 -0500
Processing by SessionsController#new as HTML
  Rendering sessions/new.html.erb within layouts/application
  Rendered sessions/new.html.erb within layouts/application (3.5ms)
  Rendered layouts/_shim.html.erb (1.0ms)
  Rendered layouts/_header.html.erb (1.4ms)
  Rendered layouts/_footer.html.erb (1.1ms)
Completed 200 OK in 69ms (Views: 67.3ms | ActiveRecord: 0.0ms)


Started GET "/login" for 127.0.0.1 at 2018-10-04 17:31:13 -0500
Processing by SessionsController#new as HTML
  Rendering sessions/new.html.erb within layouts/application
  Rendered sessions/new.html.erb within layouts/application (5.0ms)
  Rendered layouts/_shim.html.erb (1.4ms)
  Rendered layouts/_header.html.erb (1.9ms)
  Rendered layouts/_footer.html.erb (0.8ms)
Completed 200 OK in 80ms (Views: 77.9ms | ActiveRecord: 0.0ms)


Started GET "/login" for 127.0.0.1 at 2018-10-04 17:31:52 -0500
Processing by SessionsController#new as HTML
  Rendering sessions/new.html.erb within layouts/application
  Rendered sessions/new.html.erb within layouts/application (2.4ms)
  Rendered layouts/_shim.html.erb (0.4ms)
  Rendered layouts/_header.html.erb (1.2ms)
  Rendered layouts/_footer.html.erb (0.9ms)
Completed 200 OK in 52ms (Views: 50.5ms | ActiveRecord: 0.0ms)


Started GET "/login" for 127.0.0.1 at 2018-10-04 17:49:55 -0500
  [1m[35m (0.4ms)[0m  [1m[34mSELECT "schema_migrations"."version" FROM "schema_migrations" ORDER BY "schema_migrations"."version" ASC[0m
  ↳ /var/lib/gems/2.5.0/gems/activerecord-5.2.1/lib/active_record/log_subscriber.rb:98
Processing by SessionsController#new as HTML
  Rendering sessions/new.html.erb within layouts/application
  Rendered sessions/new.html.erb within layouts/application (11.4ms)
  Rendered layouts/_shim.html.erb (0.5ms)
  Rendered layouts/_header.html.erb (1.1ms)
  Rendered layouts/_footer.html.erb (0.6ms)
Completed 200 OK in 413ms (Views: 402.1ms | ActiveRecord: 0.0ms)


Started POST "/login" for 127.0.0.1 at 2018-10-04 17:49:59 -0500
Processing by SessionsController#create as HTML
  Parameters: {"utf8"=>"✓", "authenticity_token"=>"TQ0ejILmXAicdTPkXuV6Oc91WLA3UQGVVVmzQPSAs67VL7j2C38VWsjXf1s9T8ofpu61T2jrm/mHOm1+kSoCBQ==", "session"=>{"email"=>"dniquefa@gmail.com", "password"=>"[FILTERED]"}, "commit"=>"Iniciar sesión"}
  [1m[36mUser Load (0.4ms)[0m  [1m[34mSELECT  "users".* FROM "users" WHERE "users"."email" = ? LIMIT ?[0m  [["email", "dniquefa@gmail.com"], ["LIMIT", 1]]
  ↳ app/controllers/sessions_controller.rb:9
  Rendering sessions/new.html.erb within layouts/application
  Rendered sessions/new.html.erb within layouts/application (5.6ms)
  Rendered layouts/_shim.html.erb (0.5ms)
  Rendered layouts/_header.html.erb (1.7ms)
  Rendered layouts/_footer.html.erb (1.0ms)
Completed 200 OK in 75ms (Views: 62.4ms | ActiveRecord: 1.3ms)


Started GET "/login" for 127.0.0.1 at 2018-10-04 17:50:02 -0500
Processing by SessionsController#new as HTML
  Rendering sessions/new.html.erb within layouts/application
  Rendered sessions/new.html.erb within layouts/application (3.5ms)
  Rendered layouts/_shim.html.erb (0.6ms)
  Rendered layouts/_header.html.erb (1.5ms)
  Rendered layouts/_footer.html.erb (1.5ms)
Completed 200 OK in 61ms (Views: 58.3ms | ActiveRecord: 0.0ms)


Started GET "/signup" for 127.0.0.1 at 2018-10-04 17:50:04 -0500
Processing by UsersController#new as HTML
  Rendering users/new.html.erb within layouts/application
  Rendered shared/_error_messages.html.erb (1.1ms)
  Rendered users/new.html.erb within layouts/application (8.7ms)
  Rendered layouts/_shim.html.erb (0.4ms)
  Rendered layouts/_header.html.erb (1.1ms)
  Rendered layouts/_footer.html.erb (0.9ms)
Completed 200 OK in 72ms (Views: 59.0ms | ActiveRecord: 1.1ms)


Started POST "/signup" for 127.0.0.1 at 2018-10-04 17:50:27 -0500
Processing by UsersController#create as HTML
  Parameters: {"utf8"=>"✓", "authenticity_token"=>"e8hruE26bZUm6VWb7VHnF/nE1S36om5vOJoIVa6N1Bm5TEfc3y3Gs6lNA/h9y6VIoY8CSIeYKuHHe5tdx+dsUQ==", "user"=>{"name"=>"Diego Niquefa", "email"=>"niquefa.diego@gmail.com", "password"=>"[FILTERED]", "password_confirmation"=>"[FILTERED]"}, "commit"=>"Crear mi cuenta"}
  [1m[35m (0.1ms)[0m  [1m[36mbegin transaction[0m
  ↳ app/controllers/users_controller.rb:15
  [1m[36mUser Exists (0.3ms)[0m  [1m[34mSELECT  1 AS one FROM "users" WHERE LOWER("users"."email") = LOWER(?) LIMIT ?[0m  [["email", "niquefa.diego@gmail.com"], ["LIMIT", 1]]
  ↳ app/controllers/users_controller.rb:15
  [1m[35m (0.2ms)[0m  [1m[31mrollback transaction[0m
  ↳ app/controllers/users_controller.rb:15
  Rendering users/new.html.erb within layouts/application
  Rendered shared/_error_messages.html.erb (0.8ms)
  Rendered users/new.html.erb within layouts/application (6.1ms)
  Rendered layouts/_shim.html.erb (0.6ms)
  Rendered layouts/_header.html.erb (1.7ms)
  Rendered layouts/_footer.html.erb (0.5ms)
Completed 200 OK in 141ms (Views: 50.6ms | ActiveRecord: 0.6ms)


Started POST "/signup" for 127.0.0.1 at 2018-10-04 17:50:37 -0500
Processing by UsersController#create as HTML
  Parameters: {"utf8"=>"✓", "authenticity_token"=>"6xdamSFZqhsTwnY6Qwd9+SZI3x3ffjZmTFPzux9QoClzNfzjqMDjSUdgOoUgrc3fT9My4oDErAqeMC2FevoRgg==", "user"=>{"name"=>"Diego Niquefa", "email"=>"niquefa.diego@gmail.com", "password"=>"[FILTERED]", "password_confirmation"=>"[FILTERED]"}, "commit"=>"Crear mi cuenta"}
  [1m[35m (0.2ms)[0m  [1m[36mbegin transaction[0m
  ↳ app/controllers/users_controller.rb:15
  [1m[36mUser Exists (0.2ms)[0m  [1m[34mSELECT  1 AS one FROM "users" WHERE LOWER("users"."email") = LOWER(?) LIMIT ?[0m  [["email", "niquefa.diego@gmail.com"], ["LIMIT", 1]]
  ↳ app/controllers/users_controller.rb:15
  [1m[35m (0.1ms)[0m  [1m[31mrollback transaction[0m
  ↳ app/controllers/users_controller.rb:15
  Rendering users/new.html.erb within layouts/application
  Rendered shared/_error_messages.html.erb (1.0ms)
  Rendered users/new.html.erb within layouts/application (5.5ms)
  Rendered layouts/_shim.html.erb (0.6ms)
  Rendered layouts/_header.html.erb (1.6ms)
  Rendered layouts/_footer.html.erb (0.7ms)
Completed 200 OK in 138ms (Views: 49.6ms | ActiveRecord: 0.5ms)


Started POST "/signup" for 127.0.0.1 at 2018-10-04 17:50:43 -0500
Processing by UsersController#create as HTML
  Parameters: {"utf8"=>"✓", "authenticity_token"=>"q5yleuaVDd8F/VpH1R96bBjyBB+DurZfAO3Q5MQIBfYzvgMAbwxEjVFfFvi2tcpKcWnp4NwALDPSjg7aoaK0XQ==", "user"=>{"name"=>"Diego Niquefa", "email"=>"niquefa.diego@gmail.com", "password"=>"[FILTERED]", "password_confirmation"=>"[FILTERED]"}, "commit"=>"Crear mi cuenta"}
  [1m[35m (0.1ms)[0m  [1m[36mbegin transaction[0m
  ↳ app/controllers/users_controller.rb:15
  [1m[36mUser Exists (0.5ms)[0m  [1m[34mSELECT  1 AS one FROM "users" WHERE LOWER("users"."email") = LOWER(?) LIMIT ?[0m  [["email", "niquefa.diego@gmail.com"], ["LIMIT", 1]]
  ↳ app/controllers/users_controller.rb:15
  [1m[36mUser Create (0.5ms)[0m  [1m[32mINSERT INTO "users" ("name", "email", "created_at", "updated_at", "password_digest") VALUES (?, ?, ?, ?, ?)[0m  [["name", "Diego Niquefa"], ["email", "niquefa.diego@gmail.com"], ["created_at", "2018-10-04 22:50:43.434542"], ["updated_at", "2018-10-04 22:50:43.434542"], ["password_digest", "$2a$10$dc6k0gSZ.s5Ll15wwX.w7O3CXqrqUvaSKoPEX4yAdfYmgrCTtx4YK"]]
  ↳ app/controllers/users_controller.rb:15
  [1m[35m (106.2ms)[0m  [1m[36mcommit transaction[0m
  ↳ app/controllers/users_controller.rb:15
Redirected to http://localhost:3000/users/1
Completed 302 Found in 204ms (ActiveRecord: 107.2ms)


Started GET "/users/1" for 127.0.0.1 at 2018-10-04 17:50:43 -0500
Processing by UsersController#show as HTML
  Parameters: {"id"=>"1"}
  [1m[36mUser Load (0.4ms)[0m  [1m[34mSELECT  "users".* FROM "users" WHERE "users"."id" = ? LIMIT ?[0m  [["id", 1], ["LIMIT", 1]]
  ↳ app/controllers/users_controller.rb:10
  Rendering users/show.html.erb within layouts/application
  Rendered users/show.html.erb within layouts/application (1.3ms)
  Rendered layouts/_shim.html.erb (0.4ms)
  [1m[36mUser Load (0.3ms)[0m  [1m[34mSELECT  "users".* FROM "users" WHERE "users"."id" = ? LIMIT ?[0m  [["id", 1], ["LIMIT", 1]]
  ↳ app/helpers/sessions_helper.rb:15
  Rendered layouts/_header.html.erb (4.2ms)
  Rendered layouts/_footer.html.erb (1.1ms)
Completed 200 OK in 107ms (Views: 86.3ms | ActiveRecord: 0.7ms)


Started GET "/users/1" for 127.0.0.1 at 2018-10-04 17:50:47 -0500
Processing by UsersController#show as HTML
  Parameters: {"id"=>"1"}
  [1m[36mUser Load (0.6ms)[0m  [1m[34mSELECT  "users".* FROM "users" WHERE "users"."id" = ? LIMIT ?[0m  [["id", 1], ["LIMIT", 1]]
  ↳ app/controllers/users_controller.rb:10
  Rendering users/show.html.erb within layouts/application
  Rendered users/show.html.erb within layouts/application (0.9ms)
  Rendered layouts/_shim.html.erb (0.7ms)
  [1m[36mUser Load (0.3ms)[0m  [1m[34mSELECT  "users".* FROM "users" WHERE "users"."id" = ? LIMIT ?[0m  [["id", 1], ["LIMIT", 1]]
  ↳ app/helpers/sessions_helper.rb:15
  Rendered layouts/_header.html.erb (3.7ms)
  Rendered layouts/_footer.html.erb (1.4ms)
Completed 200 OK in 68ms (Views: 63.5ms | ActiveRecord: 0.8ms)


Started GET "/users/1" for 127.0.0.1 at 2018-10-04 17:50:48 -0500
Processing by UsersController#show as HTML
  Parameters: {"id"=>"1"}
  [1m[36mUser Load (0.3ms)[0m  [1m[34mSELECT  "users".* FROM "users" WHERE "users"."id" = ? LIMIT ?[0m  [["id", 1], ["LIMIT", 1]]
  ↳ app/controllers/users_controller.rb:10
  Rendering users/show.html.erb within layouts/application
  Rendered users/show.html.erb within layouts/application (1.2ms)
  Rendered layouts/_shim.html.erb (0.5ms)
  [1m[36mUser Load (0.2ms)[0m  [1m[34mSELECT  "users".* FROM "users" WHERE "users"."id" = ? LIMIT ?[0m  [["id", 1], ["LIMIT", 1]]
  ↳ app/helpers/sessions_helper.rb:15
  Rendered layouts/_header.html.erb (3.1ms)
  Rendered layouts/_footer.html.erb (0.8ms)
Completed 200 OK in 61ms (Views: 56.6ms | ActiveRecord: 0.5ms)


Started GET "/users/1" for 127.0.0.1 at 2018-10-04 17:50:49 -0500
Processing by UsersController#show as HTML
  Parameters: {"id"=>"1"}
  [1m[36mUser Load (0.3ms)[0m  [1m[34mSELECT  "users".* FROM "users" WHERE "users"."id" = ? LIMIT ?[0m  [["id", 1], ["LIMIT", 1]]
  ↳ app/controllers/users_controller.rb:10
  Rendering users/show.html.erb within layouts/application
  Rendered users/show.html.erb within layouts/application (1.0ms)
  Rendered layouts/_shim.html.erb (1.0ms)
  [1m[36mUser Load (0.4ms)[0m  [1m[34mSELECT  "users".* FROM "users" WHERE "users"."id" = ? LIMIT ?[0m  [["id", 1], ["LIMIT", 1]]
  ↳ app/helpers/sessions_helper.rb:15
  Rendered layouts/_header.html.erb (4.6ms)
  Rendered layouts/_footer.html.erb (0.6ms)
Completed 200 OK in 91ms (Views: 84.2ms | ActiveRecord: 0.7ms)


Started GET "/users/1" for 127.0.0.1 at 2018-10-04 17:50:49 -0500
Processing by UsersController#show as HTML
  Parameters: {"id"=>"1"}
  [1m[36mUser Load (0.5ms)[0m  [1m[34mSELECT  "users".* FROM "users" WHERE "users"."id" = ? LIMIT ?[0m  [["id", 1], ["LIMIT", 1]]
  ↳ app/controllers/users_controller.rb:10
  Rendering users/show.html.erb within layouts/application
  Rendered users/show.html.erb within layouts/application (1.0ms)
  Rendered layouts/_shim.html.erb (0.6ms)
  [1m[36mUser Load (0.7ms)[0m  [1m[34mSELECT  "users".* FROM "users" WHERE "users"."id" = ? LIMIT ?[0m  [["id", 1], ["LIMIT", 1]]
  ↳ app/helpers/sessions_helper.rb:15
  Rendered layouts/_header.html.erb (4.6ms)
  Rendered layouts/_footer.html.erb (1.1ms)
Completed 200 OK in 76ms (Views: 70.4ms | ActiveRecord: 1.3ms)


Started GET "/users/1" for 127.0.0.1 at 2018-10-04 17:50:51 -0500
Processing by UsersController#show as HTML
  Parameters: {"id"=>"1"}
  [1m[36mUser Load (0.3ms)[0m  [1m[34mSELECT  "users".* FROM "users" WHERE "users"."id" = ? LIMIT ?[0m  [["id", 1], ["LIMIT", 1]]
  ↳ app/controllers/users_controller.rb:10
  Rendering users/show.html.erb within layouts/application
  Rendered users/show.html.erb within layouts/application (1.9ms)
  Rendered layouts/_shim.html.erb (0.8ms)
  [1m[36mUser Load (0.4ms)[0m  [1m[34mSELECT  "users".* FROM "users" WHERE "users"."id" = ? LIMIT ?[0m  [["id", 1], ["LIMIT", 1]]
  ↳ app/helpers/sessions_helper.rb:15
  Rendered layouts/_header.html.erb (5.0ms)
  Rendered layouts/_footer.html.erb (1.2ms)
Completed 200 OK in 72ms (Views: 67.5ms | ActiveRecord: 0.7ms)


Started GET "/users/1" for 127.0.0.1 at 2018-10-04 17:50:51 -0500
Processing by UsersController#show as HTML
  Parameters: {"id"=>"1"}
  [1m[36mUser Load (0.3ms)[0m  [1m[34mSELECT  "users".* FROM "users" WHERE "users"."id" = ? LIMIT ?[0m  [["id", 1], ["LIMIT", 1]]
  ↳ app/controllers/users_controller.rb:10
  Rendering users/show.html.erb within layouts/application
  Rendered users/show.html.erb within layouts/application (1.2ms)
  Rendered layouts/_shim.html.erb (0.8ms)
  [1m[36mUser Load (0.4ms)[0m  [1m[34mSELECT  "users".* FROM "users" WHERE "users"."id" = ? LIMIT ?[0m  [["id", 1], ["LIMIT", 1]]
  ↳ app/helpers/sessions_helper.rb:15
  Rendered layouts/_header.html.erb (4.5ms)
  Rendered layouts/_footer.html.erb (0.6ms)
Completed 200 OK in 76ms (Views: 70.9ms | ActiveRecord: 0.8ms)


Started GET "/users/1" for 127.0.0.1 at 2018-10-04 17:50:52 -0500
Processing by UsersController#show as HTML
  Parameters: {"id"=>"1"}
  [1m[36mUser Load (0.3ms)[0m  [1m[34mSELECT  "users".* FROM "users" WHERE "users"."id" = ? LIMIT ?[0m  [["id", 1], ["LIMIT", 1]]
  ↳ app/controllers/users_controller.rb:10
  Rendering users/show.html.erb within layouts/application
  Rendered users/show.html.erb within layouts/application (1.5ms)
  Rendered layouts/_shim.html.erb (1.1ms)
  [1m[36mUser Load (0.2ms)[0m  [1m[34mSELECT  "users".* FROM "users" WHERE "users"."id" = ? LIMIT ?[0m  [["id", 1], ["LIMIT", 1]]
  ↳ app/helpers/sessions_helper.rb:15
  Rendered layouts/_header.html.erb (3.5ms)
  Rendered layouts/_footer.html.erb (1.1ms)
Completed 200 OK in 67ms (Views: 62.6ms | ActiveRecord: 0.5ms)


Started GET "/users/1" for 127.0.0.1 at 2018-10-04 17:50:52 -0500
Processing by UsersController#show as HTML
  Parameters: {"id"=>"1"}
  [1m[36mUser Load (0.5ms)[0m  [1m[34mSELECT  "users".* FROM "users" WHERE "users"."id" = ? LIMIT ?[0m  [["id", 1], ["LIMIT", 1]]
  ↳ app/controllers/users_controller.rb:10
  Rendering users/show.html.erb within layouts/application
  Rendered users/show.html.erb within layouts/application (1.2ms)
  Rendered layouts/_shim.html.erb (0.7ms)
  [1m[36mUser Load (0.4ms)[0m  [1m[34mSELECT  "users".* FROM "users" WHERE "users"."id" = ? LIMIT ?[0m  [["id", 1], ["LIMIT", 1]]
  ↳ app/helpers/sessions_helper.rb:15
  Rendered layouts/_header.html.erb (5.4ms)
  Rendered layouts/_footer.html.erb (0.8ms)
Completed 200 OK in 87ms (Views: 82.2ms | ActiveRecord: 0.9ms)


Started GET "/users/1" for 127.0.0.1 at 2018-10-04 17:50:53 -0500
Processing by UsersController#show as HTML
  Parameters: {"id"=>"1"}
  [1m[36mUser Load (0.4ms)[0m  [1m[34mSELECT  "users".* FROM "users" WHERE "users"."id" = ? LIMIT ?[0m  [["id", 1], ["LIMIT", 1]]
  ↳ app/controllers/users_controller.rb:10
  Rendering users/show.html.erb within layouts/application
  Rendered users/show.html.erb within layouts/application (2.0ms)
  Rendered layouts/_shim.html.erb (0.7ms)
  [1m[36mUser Load (0.2ms)[0m  [1m[34mSELECT  "users".* FROM "users" WHERE "users"."id" = ? LIMIT ?[0m  [["id", 1], ["LIMIT", 1]]
  ↳ app/helpers/sessions_helper.rb:15
  Rendered layouts/_header.html.erb (3.6ms)
  Rendered layouts/_footer.html.erb (0.9ms)
Completed 200 OK in 74ms (Views: 67.8ms | ActiveRecord: 0.6ms)


Started GET "/users/1" for 127.0.0.1 at 2018-10-04 17:50:53 -0500
Processing by UsersController#show as HTML
  Parameters: {"id"=>"1"}
  [1m[36mUser Load (0.2ms)[0m  [1m[34mSELECT  "users".* FROM "users" WHERE "users"."id" = ? LIMIT ?[0m  [["id", 1], ["LIMIT", 1]]
  ↳ app/controllers/users_controller.rb:10
  Rendering users/show.html.erb within layouts/application
  Rendered users/show.html.erb within layouts/application (1.4ms)
  Rendered layouts/_shim.html.erb (0.7ms)
  [1m[36mUser Load (0.3ms)[0m  [1m[34mSELECT  "users".* FROM "users" WHERE "users"."id" = ? LIMIT ?[0m  [["id", 1], ["LIMIT", 1]]
  ↳ app/helpers/sessions_helper.rb:15
  Rendered layouts/_header.html.erb (3.8ms)
  Rendered layouts/_footer.html.erb (0.7ms)
Completed 200 OK in 72ms (Views: 66.4ms | ActiveRecord: 0.5ms)


Started GET "/users/1" for 127.0.0.1 at 2018-10-04 17:50:54 -0500
Processing by UsersController#show as HTML
  Parameters: {"id"=>"1"}
  [1m[36mUser Load (0.8ms)[0m  [1m[34mSELECT  "users".* FROM "users" WHERE "users"."id" = ? LIMIT ?[0m  [["id", 1], ["LIMIT", 1]]
  ↳ app/controllers/users_controller.rb:10
  Rendering users/show.html.erb within layouts/application
  Rendered users/show.html.erb within layouts/application (3.2ms)
  Rendered layouts/_shim.html.erb (0.6ms)
  [1m[36mUser Load (0.2ms)[0m  [1m[34mSELECT  "users".* FROM "users" WHERE "users"."id" = ? LIMIT ?[0m  [["id", 1], ["LIMIT", 1]]
  ↳ app/helpers/sessions_helper.rb:15
  Rendered layouts/_header.html.erb (2.9ms)
  Rendered layouts/_footer.html.erb (0.9ms)
Completed 200 OK in 78ms (Views: 71.9ms | ActiveRecord: 1.0ms)


Started GET "/users/1" for 127.0.0.1 at 2018-10-04 17:50:54 -0500
Processing by UsersController#show as HTML
  Parameters: {"id"=>"1"}
  [1m[36mUser Load (0.5ms)[0m  [1m[34mSELECT  "users".* FROM "users" WHERE "users"."id" = ? LIMIT ?[0m  [["id", 1], ["LIMIT", 1]]
  ↳ app/controllers/users_controller.rb:10
  Rendering users/show.html.erb within layouts/application
  Rendered users/show.html.erb within layouts/application (1.1ms)
  Rendered layouts/_shim.html.erb (1.8ms)
  [1m[36mUser Load (0.5ms)[0m  [1m[34mSELECT  "users".* FROM "users" WHERE "users"."id" = ? LIMIT ?[0m  [["id", 1], ["LIMIT", 1]]
  ↳ app/helpers/sessions_helper.rb:15
  Rendered layouts/_header.html.erb (4.7ms)
  Rendered layouts/_footer.html.erb (1.6ms)
Completed 200 OK in 93ms (Views: 79.8ms | ActiveRecord: 1.0ms)


Started GET "/users/1" for 127.0.0.1 at 2018-10-04 17:50:55 -0500
Processing by UsersController#show as HTML
  Parameters: {"id"=>"1"}
  [1m[36mUser Load (0.2ms)[0m  [1m[34mSELECT  "users".* FROM "users" WHERE "users"."id" = ? LIMIT ?[0m  [["id", 1], ["LIMIT", 1]]
  ↳ app/controllers/users_controller.rb:10
  Rendering users/show.html.erb within layouts/application
  Rendered users/show.html.erb within layouts/application (1.4ms)
  Rendered layouts/_shim.html.erb (0.5ms)
  [1m[36mUser Load (0.3ms)[0m  [1m[34mSELECT  "users".* FROM "users" WHERE "users"."id" = ? LIMIT ?[0m  [["id", 1], ["LIMIT", 1]]
  ↳ app/helpers/sessions_helper.rb:15
  Rendered layouts/_header.html.erb (2.9ms)
  Rendered layouts/_footer.html.erb (0.7ms)
Completed 200 OK in 71ms (Views: 66.3ms | ActiveRecord: 0.5ms)


Started GET "/users/1" for 127.0.0.1 at 2018-10-04 17:51:59 -0500
  [1m[35m (0.4ms)[0m  [1m[34mSELECT "schema_migrations"."version" FROM "schema_migrations" ORDER BY "schema_migrations"."version" ASC[0m
  ↳ /var/lib/gems/2.5.0/gems/activerecord-5.2.1/lib/active_record/log_subscriber.rb:98
Processing by UsersController#show as HTML
  Parameters: {"id"=>"1"}
  [1m[36mUser Load (0.3ms)[0m  [1m[34mSELECT  "users".* FROM "users" WHERE "users"."id" = ? LIMIT ?[0m  [["id", 1], ["LIMIT", 1]]
  ↳ app/controllers/users_controller.rb:10
  Rendering users/show.html.erb within layouts/application
  Rendered users/show.html.erb within layouts/application (1.4ms)
  Rendered layouts/_shim.html.erb (0.4ms)
  [1m[36mUser Load (0.2ms)[0m  [1m[34mSELECT  "users".* FROM "users" WHERE "users"."id" = ? LIMIT ?[0m  [["id", 1], ["LIMIT", 1]]
  ↳ app/helpers/sessions_helper.rb:15
  Rendered layouts/_header.html.erb (3.3ms)
  Rendered layouts/_footer.html.erb (0.7ms)
Completed 200 OK in 766ms (Views: 718.9ms | ActiveRecord: 2.1ms)


Started DELETE "/logout" for 127.0.0.1 at 2018-10-04 17:52:05 -0500
Processing by SessionsController#destroy as HTML
  Parameters: {"authenticity_token"=>"IwG7uRK/KlAIa+980PBkIWvDOZiQUFG6doJaqfpSoha7Ix3DmyZjAlzJo8OzWtQHAljUZ8/qy9ak4YSXn/gTvQ=="}
Completed 500 Internal Server Error in 377ms (ActiveRecord: 0.0ms)


  
NameError (undefined local variable or method `root_url' for #<SessionsController:0x00007f61d4044f88>):
  
app/controllers/sessions_controller.rb:21:in `destroy'
  [1m[36mUser Load (0.9ms)[0m  [1m[34mSELECT  "users".* FROM "users" LIMIT ?[0m  [["LIMIT", 11]]
